Finding Dependencies for C:\Users\liuut\Desktop\Project\test\hls_test\hls_test\hls\csim\code_analyzer\.internal\instrument\app_0\compile_commands.json
Finding Dependencies for C:\Users\liuut\Desktop\Project\test\hls_test\hls_test\hls\csim\code_analyzer\.internal\instrument\app_0\compile_commands.json
Finding Dependencies for C:\Users\liuut\Desktop\Project\test\hls_test\hls_test\hls\csim\code_analyzer\.internal\instrument\app_0\compile_commands.json
Finding Dependencies for C:\Users\liuut\Desktop\Project\test\hls_test\hls_test\hls\csim\code_analyzer\.internal\instrument\app_0\compile_commands.json
Finding Dependencies for C:\Users\liuut\Desktop\Project\test\hls_test\hls_test\hls\csim\code_analyzer\.internal\instrument\app_0\compile_commands.json
Finding Dependencies for C:\Users\liuut\Desktop\Project\test\hls_test\hls_test\hls\csim\code_analyzer\.internal\instrument\app_0\compile_commands.json
Finding Dependencies for C:\Users\liuut\Desktop\Project\test\hls_test\hls_test\hls\csim\code_analyzer\.internal\instrument\app_0\compile_commands.json
Finding Dependencies for C:\Users\liuut\Desktop\Project\test\hls_test\hls_test\hls\csim\code_analyzer\.internal\instrument\app_0\compile_commands.json
Finding Dependencies for C:\Users\liuut\Desktop\Project\test\hls_test\hls_test\hls\csim\code_analyzer\.internal\instrument\app_0\compile_commands.json
Finding Dependencies for D:\Project\test\hls_test\hls_test\hls\csim\code_analyzer\.internal\instrument\app_0\compile_commands.json
Error while scanning dependencies for C:/Users/liuut/Desktop/Project/test/hls_test/mat_mul_tb.cpp:
error: no such file or directory: 'C:/Users/liuut/Desktop/Project/test/hls_test/mat_mul_tb.cpp'
error: no input files
error: unable to handle compilation, expected exactly one compiler job in ''
Error while scanning dependencies for mat_mul.cpp:
error: error reading 'mat_mul.cpp'
Error while scanning dependencies for mat_mul.cpp:
error: error reading 'mat_mul.cpp'
Finding Dependencies for D:\Project\test\hls_test\hls_test\hls\csim\code_analyzer\.internal\instrument\app_1\compile_commands.json
Finding Dependencies for D:\Project\test\hls_test\hls_test\hls\csim\code_analyzer\.internal\instrument\app_0\compile_commands.json
Finding Dependencies for D:\Project\test\hls_test\hls_test\hls\csim\code_analyzer\.internal\instrument\app_1\compile_commands.json
Finding Dependencies for C:\Users\liuut\Desktop\Project\test\hls_test\hls_test\hls\csim\code_analyzer\.internal\instrument\app_0\compile_commands.json
Finding Dependencies for C:\Users\liuut\Desktop\Project\test\hls_test\hls_test\hls\csim\code_analyzer\.internal\instrument\app_1\compile_commands.json
Error while scanning dependencies for mat_mul.cpp:
error: error reading 'mat_mul.cpp'
Error while scanning dependencies for D:/Project/test/hls_test/mat_mul_tb.cpp:
error: no such file or directory: 'D:/Project/test/hls_test/mat_mul_tb.cpp'
error: no input files
error: unable to handle compilation, expected exactly one compiler job in ''
Error while scanning dependencies for mat_mul.cpp:
error: error reading 'mat_mul.cpp'
Finding Dependencies for C:\Users\liuut\Desktop\Project\test\hls_test\hls_test\hls\csim\code_analyzer\.internal\instrument\app_0\compile_commands.json
Finding Dependencies for C:\Users\liuut\Desktop\Project\test\hls_test\hls_test\hls\csim\code_analyzer\.internal\instrument\app_1\compile_commands.json
Finding Dependencies for C:\Users\liuut\Desktop\Project\test\hls_test\hls_test\hls\csim\code_analyzer\.internal\instrument\app_0\compile_commands.json
Finding Dependencies for C:\Users\liuut\Desktop\Project\test\hls_test\hls_test\hls\csim\code_analyzer\.internal\instrument\app_1\compile_commands.json
Finding Dependencies for C:\Users\liuut\Desktop\Project\test\hls_test\hls_test\hls\csim\code_analyzer\.internal\instrument\app_0\compile_commands.json
Finding Dependencies for C:\Users\liuut\Desktop\Project\test\hls_test\hls_test\hls\csim\code_analyzer\.internal\instrument\app_1\compile_commands.json
Finding Dependencies for C:\Users\liuut\Desktop\Project\test\hls_test\hls_test\hls\csim\code_analyzer\.internal\instrument\app_0\compile_commands.json
Finding Dependencies for C:\Users\liuut\Desktop\Project\test\hls_test\hls_test\hls\csim\code_analyzer\.internal\instrument\app_1\compile_commands.json
Finding Dependencies for C:\Users\liuut\Desktop\Project\test\hls_test\hls_test\hls\csim\code_analyzer\.internal\instrument\app_0\compile_commands.json
Finding Dependencies for C:\Users\liuut\Desktop\Project\test\hls_test\hls_test\hls\csim\code_analyzer\.internal\instrument\app_1\compile_commands.json
Finding Dependencies for C:\Users\liuut\Desktop\Project\test\hls_test\hls_test\hls\csim\code_analyzer\.internal\instrument\app_0\compile_commands.json
Finding Dependencies for C:\Users\liuut\Desktop\Project\test\hls_test\hls_test\hls\csim\code_analyzer\.internal\instrument\app_1\compile_commands.json
Finding Dependencies for C:\Users\liuut\Desktop\Project\test\hls_test\hls_test\hls\csim\code_analyzer\.internal\instrument\app_0\compile_commands.json
Finding Dependencies for C:\Users\liuut\Desktop\Project\test\hls_test\hls_test\hls\csim\code_analyzer\.internal\instrument\app_1\compile_commands.json
